[INFO  - 2018-01-08T05:27:32.475Z] GhostDriver - Main - running on port 5309
[INFO  - 2018-01-08T05:27:35.918Z] Session [a2740a40-f434-11e7-a0de-4ffbf1628643] - page.settings - {"XSSAuditingEnabled":false,"javascriptCanCloseWindows":true,"javascriptCanOpenWindows":true,"javascriptEnabled":true,"loadImages":true,"localToRemoteUrlAccessEnabled":false,"userAgent":"Mozilla/5.0 (Windows NT 6.1; WOW64) AppleWebKit/538.1 (KHTML, like Gecko) PhantomJS/2.1.1 Safari/538.1","webSecurityEnabled":true}
[INFO  - 2018-01-08T05:27:35.919Z] Session [a2740a40-f434-11e7-a0de-4ffbf1628643] - page.customHeaders:  - {}
[INFO  - 2018-01-08T05:27:35.919Z] Session [a2740a40-f434-11e7-a0de-4ffbf1628643] - Session.negotiatedCapabilities - {"browserName":"phantomjs","version":"2.1.1","driverName":"ghostdriver","driverVersion":"1.2.0","platform":"windows-7-32bit","javascriptEnabled":true,"takesScreenshot":true,"handlesAlerts":false,"databaseEnabled":false,"locationContextEnabled":false,"applicationCacheEnabled":false,"browserConnectionEnabled":false,"cssSelectorsEnabled":true,"webStorageEnabled":false,"rotatable":false,"acceptSslCerts":false,"nativeEvents":true,"proxy":{"proxyType":"direct"}}
[INFO  - 2018-01-08T05:27:35.919Z] SessionManagerReqHand - _postNewSessionCommand - New Session Created: a2740a40-f434-11e7-a0de-4ffbf1628643
[ERROR - 2018-01-08T05:27:45.400Z] Session [a2740a40-f434-11e7-a0de-4ffbf1628643] - page.onError - msg: TypeError: undefined is not a constructor (evaluating 'PleaseSupportSite.onDetected(adBlockDetected)')

  phantomjs://platform/console++.js:263 in error
[ERROR - 2018-01-08T05:27:45.400Z] Session [a2740a40-f434-11e7-a0de-4ffbf1628643] - page.onError - stack:
  global code (https://pubgtracker.com/leaderboards/pc/Rating?mode=1&region=4:2696)

  phantomjs://platform/console++.js:263 in error
[ERROR - 2018-01-08T05:27:59.979Z] Session [a2740a40-f434-11e7-a0de-4ffbf1628643] - page.onError - msg: TypeError: undefined is not a constructor (evaluating 'PleaseSupportSite.onDetected(adBlockDetected)')

  phantomjs://platform/console++.js:263 in error
[ERROR - 2018-01-08T05:27:59.979Z] Session [a2740a40-f434-11e7-a0de-4ffbf1628643] - page.onError - stack:
  global code (https://pubgtracker.com/profile/pc/VXhao-pasde1/solo?region=oc:608)

  phantomjs://platform/console++.js:263 in error
[ERROR - 2018-01-08T05:28:55.450Z] Session [a2740a40-f434-11e7-a0de-4ffbf1628643] - page.onError - msg: TypeError: undefined is not a constructor (evaluating 'PleaseSupportSite.onDetected(adBlockDetected)')

  phantomjs://platform/console++.js:263 in error
[ERROR - 2018-01-08T05:28:55.450Z] Session [a2740a40-f434-11e7-a0de-4ffbf1628643] - page.onError - stack:
  global code (https://pubgtracker.com/profile/pc/saffeironite/solo?region=oc:608)

  phantomjs://platform/console++.js:263 in error
[ERROR - 2018-01-08T05:29:08.916Z] Session [a2740a40-f434-11e7-a0de-4ffbf1628643] - page.onError - msg: TypeError: undefined is not a constructor (evaluating 'PleaseSupportSite.onDetected(adBlockDetected)')

  phantomjs://platform/console++.js:263 in error
[ERROR - 2018-01-08T05:29:08.916Z] Session [a2740a40-f434-11e7-a0de-4ffbf1628643] - page.onError - stack:
  global code (https://pubgtracker.com/profile/pc/MCCSAM/solo?region=oc:608)

  phantomjs://platform/console++.js:263 in error
[ERROR - 2018-01-08T05:29:22.345Z] Session [a2740a40-f434-11e7-a0de-4ffbf1628643] - page.onError - msg: TypeError: undefined is not a constructor (evaluating 'PleaseSupportSite.onDetected(adBlockDetected)')

  phantomjs://platform/console++.js:263 in error
[ERROR - 2018-01-08T05:29:22.345Z] Session [a2740a40-f434-11e7-a0de-4ffbf1628643] - page.onError - stack:
  global code (https://pubgtracker.com/profile/pc/PhantomHalo/solo?region=oc:608)

  phantomjs://platform/console++.js:263 in error
[ERROR - 2018-01-08T05:29:36.401Z] Session [a2740a40-f434-11e7-a0de-4ffbf1628643] - page.onError - msg: TypeError: undefined is not a constructor (evaluating 'PleaseSupportSite.onDetected(adBlockDetected)')

  phantomjs://platform/console++.js:263 in error
[ERROR - 2018-01-08T05:29:36.402Z] Session [a2740a40-f434-11e7-a0de-4ffbf1628643] - page.onError - stack:
  global code (https://pubgtracker.com/profile/pc/ShuaiXiaoBo/solo?region=oc:608)

  phantomjs://platform/console++.js:263 in error
[ERROR - 2018-01-08T05:29:54.308Z] Session [a2740a40-f434-11e7-a0de-4ffbf1628643] - page.onError - msg: TypeError: undefined is not a constructor (evaluating 'PleaseSupportSite.onDetected(adBlockDetected)')

  phantomjs://platform/console++.js:263 in error
[ERROR - 2018-01-08T05:29:54.309Z] Session [a2740a40-f434-11e7-a0de-4ffbf1628643] - page.onError - stack:
  global code (https://pubgtracker.com/profile/pc/QQ-qun-809670/solo?region=oc:608)

  phantomjs://platform/console++.js:263 in error
[ERROR - 2018-01-08T05:30:08.339Z] Session [a2740a40-f434-11e7-a0de-4ffbf1628643] - page.onError - msg: TypeError: undefined is not a constructor (evaluating 'PleaseSupportSite.onDetected(adBlockDetected)')

  phantomjs://platform/console++.js:263 in error
[ERROR - 2018-01-08T05:30:08.339Z] Session [a2740a40-f434-11e7-a0de-4ffbf1628643] - page.onError - stack:
  global code (https://pubgtracker.com/profile/pc/arashi_naomi/solo?region=oc:608)

  phantomjs://platform/console++.js:263 in error
[ERROR - 2018-01-08T05:30:22.053Z] Session [a2740a40-f434-11e7-a0de-4ffbf1628643] - page.onError - msg: TypeError: undefined is not a constructor (evaluating 'PleaseSupportSite.onDetected(adBlockDetected)')

  phantomjs://platform/console++.js:263 in error
[ERROR - 2018-01-08T05:30:22.053Z] Session [a2740a40-f434-11e7-a0de-4ffbf1628643] - page.onError - stack:
  global code (https://pubgtracker.com/profile/pc/Aeelltil/solo?region=oc:608)

  phantomjs://platform/console++.js:263 in error
[ERROR - 2018-01-08T05:30:35.673Z] Session [a2740a40-f434-11e7-a0de-4ffbf1628643] - page.onError - msg: TypeError: undefined is not a constructor (evaluating 'PleaseSupportSite.onDetected(adBlockDetected)')

  phantomjs://platform/console++.js:263 in error
[ERROR - 2018-01-08T05:30:35.673Z] Session [a2740a40-f434-11e7-a0de-4ffbf1628643] - page.onError - stack:
  global code (https://pubgtracker.com/profile/pc/linchengjie99/solo?region=oc:608)

  phantomjs://platform/console++.js:263 in error
[ERROR - 2018-01-08T05:30:49.255Z] Session [a2740a40-f434-11e7-a0de-4ffbf1628643] - page.onError - msg: TypeError: undefined is not a constructor (evaluating 'PleaseSupportSite.onDetected(adBlockDetected)')

  phantomjs://platform/console++.js:263 in error
[ERROR - 2018-01-08T05:30:49.255Z] Session [a2740a40-f434-11e7-a0de-4ffbf1628643] - page.onError - stack:
  global code (https://pubgtracker.com/profile/pc/lll-iii-lll/solo?region=oc:608)

  phantomjs://platform/console++.js:263 in error
[ERROR - 2018-01-08T05:31:02.707Z] Session [a2740a40-f434-11e7-a0de-4ffbf1628643] - page.onError - msg: TypeError: undefined is not a constructor (evaluating 'PleaseSupportSite.onDetected(adBlockDetected)')

  phantomjs://platform/console++.js:263 in error
[ERROR - 2018-01-08T05:31:02.707Z] Session [a2740a40-f434-11e7-a0de-4ffbf1628643] - page.onError - stack:
  global code (https://pubgtracker.com/profile/pc/Dopa-9/solo?region=oc:608)

  phantomjs://platform/console++.js:263 in error
[ERROR - 2018-01-08T05:31:17.115Z] Session [a2740a40-f434-11e7-a0de-4ffbf1628643] - page.onError - msg: TypeError: undefined is not a constructor (evaluating 'PleaseSupportSite.onDetected(adBlockDetected)')

  phantomjs://platform/console++.js:263 in error
[ERROR - 2018-01-08T05:31:17.115Z] Session [a2740a40-f434-11e7-a0de-4ffbf1628643] - page.onError - stack:
  global code (https://pubgtracker.com/profile/pc/Junxi821/solo?region=oc:608)

  phantomjs://platform/console++.js:263 in error
[ERROR - 2018-01-08T05:31:45.225Z] Session [a2740a40-f434-11e7-a0de-4ffbf1628643] - page.onError - msg: TypeError: undefined is not a constructor (evaluating 'PleaseSupportSite.onDetected(adBlockDetected)')

  phantomjs://platform/console++.js:263 in error
[ERROR - 2018-01-08T05:31:45.225Z] Session [a2740a40-f434-11e7-a0de-4ffbf1628643] - page.onError - stack:
  global code (https://pubgtracker.com/profile/pc/FL-Qun-809670/solo?region=oc:608)

  phantomjs://platform/console++.js:263 in error
[ERROR - 2018-01-08T05:32:00.268Z] Session [a2740a40-f434-11e7-a0de-4ffbf1628643] - page.onError - msg: TypeError: undefined is not a constructor (evaluating 'PleaseSupportSite.onDetected(adBlockDetected)')

  phantomjs://platform/console++.js:263 in error
[ERROR - 2018-01-08T05:32:00.268Z] Session [a2740a40-f434-11e7-a0de-4ffbf1628643] - page.onError - stack:
  global code (https://pubgtracker.com/profile/pc/lwp1222/solo?region=oc:608)

  phantomjs://platform/console++.js:263 in error
[ERROR - 2018-01-08T05:32:15.110Z] Session [a2740a40-f434-11e7-a0de-4ffbf1628643] - page.onError - msg: TypeError: undefined is not a constructor (evaluating 'PleaseSupportSite.onDetected(adBlockDetected)')

  phantomjs://platform/console++.js:263 in error
[ERROR - 2018-01-08T05:32:15.110Z] Session [a2740a40-f434-11e7-a0de-4ffbf1628643] - page.onError - stack:
  global code (https://pubgtracker.com/profile/pc/COG_Luo18/solo?region=oc:608)

  phantomjs://platform/console++.js:263 in error
[ERROR - 2018-01-08T05:32:28.537Z] Session [a2740a40-f434-11e7-a0de-4ffbf1628643] - page.onError - msg: TypeError: undefined is not a constructor (evaluating 'PleaseSupportSite.onDetected(adBlockDetected)')

  phantomjs://platform/console++.js:263 in error
[ERROR - 2018-01-08T05:32:28.537Z] Session [a2740a40-f434-11e7-a0de-4ffbf1628643] - page.onError - stack:
  global code (https://pubgtracker.com/profile/pc/fxt2222/solo?region=oc:608)

  phantomjs://platform/console++.js:263 in error
[INFO  - 2018-01-08T05:32:32.465Z] SessionManagerReqHand - _cleanupWindowlessSessions - Asynchronous Sessions clean-up phase starting NOW
[ERROR - 2018-01-08T05:32:42.016Z] Session [a2740a40-f434-11e7-a0de-4ffbf1628643] - page.onError - msg: TypeError: undefined is not a constructor (evaluating 'PleaseSupportSite.onDetected(adBlockDetected)')

  phantomjs://platform/console++.js:263 in error
[ERROR - 2018-01-08T05:32:42.016Z] Session [a2740a40-f434-11e7-a0de-4ffbf1628643] - page.onError - stack:
  global code (https://pubgtracker.com/profile/pc/Qun_250557600/solo?region=oc:608)

  phantomjs://platform/console++.js:263 in error
[ERROR - 2018-01-08T05:32:56.259Z] Session [a2740a40-f434-11e7-a0de-4ffbf1628643] - page.onError - msg: TypeError: undefined is not a constructor (evaluating 'PleaseSupportSite.onDetected(adBlockDetected)')

  phantomjs://platform/console++.js:263 in error
[ERROR - 2018-01-08T05:32:56.260Z] Session [a2740a40-f434-11e7-a0de-4ffbf1628643] - page.onError - stack:
  global code (https://pubgtracker.com/profile/pc/pandaTV_CWC/solo?region=oc:608)

  phantomjs://platform/console++.js:263 in error
[ERROR - 2018-01-08T05:33:27.734Z] Session [a2740a40-f434-11e7-a0de-4ffbf1628643] - page.onError - msg: TypeError: undefined is not a constructor (evaluating 'PleaseSupportSite.onDetected(adBlockDetected)')

  phantomjs://platform/console++.js:263 in error
[ERROR - 2018-01-08T05:33:27.734Z] Session [a2740a40-f434-11e7-a0de-4ffbf1628643] - page.onError - stack:
  global code (https://pubgtracker.com/profile/pc/AA-ayu/solo?region=oc:608)

  phantomjs://platform/console++.js:263 in error
[ERROR - 2018-01-08T05:33:41.560Z] Session [a2740a40-f434-11e7-a0de-4ffbf1628643] - page.onError - msg: TypeError: undefined is not a constructor (evaluating 'PleaseSupportSite.onDetected(adBlockDetected)')

  phantomjs://platform/console++.js:263 in error
[ERROR - 2018-01-08T05:33:41.560Z] Session [a2740a40-f434-11e7-a0de-4ffbf1628643] - page.onError - stack:
  global code (https://pubgtracker.com/profile/pc/nicklessC/solo?region=oc:608)

  phantomjs://platform/console++.js:263 in error
[ERROR - 2018-01-08T05:33:55.710Z] Session [a2740a40-f434-11e7-a0de-4ffbf1628643] - page.onError - msg: TypeError: undefined is not a constructor (evaluating 'PleaseSupportSite.onDetected(adBlockDetected)')

  phantomjs://platform/console++.js:263 in error
[ERROR - 2018-01-08T05:33:55.710Z] Session [a2740a40-f434-11e7-a0de-4ffbf1628643] - page.onError - stack:
  global code (https://pubgtracker.com/profile/pc/stealthx23/solo?region=oc:611)

  phantomjs://platform/console++.js:263 in error
[ERROR - 2018-01-08T05:34:24.134Z] Session [a2740a40-f434-11e7-a0de-4ffbf1628643] - page.onError - msg: TypeError: undefined is not a constructor (evaluating 'PleaseSupportSite.onDetected(adBlockDetected)')

  phantomjs://platform/console++.js:263 in error
[ERROR - 2018-01-08T05:34:24.134Z] Session [a2740a40-f434-11e7-a0de-4ffbf1628643] - page.onError - stack:
  global code (https://pubgtracker.com/profile/pc/shajia369/solo?region=oc:608)

  phantomjs://platform/console++.js:263 in error
[INFO  - 2018-01-08T05:37:32.469Z] SessionManagerReqHand - _cleanupWindowlessSessions - Asynchronous Sessions clean-up phase starting NOW
[INFO  - 2018-01-08T05:42:32.467Z] SessionManagerReqHand - _cleanupWindowlessSessions - Asynchronous Sessions clean-up phase starting NOW
[INFO  - 2018-01-08T05:47:32.467Z] SessionManagerReqHand - _cleanupWindowlessSessions - Asynchronous Sessions clean-up phase starting NOW
[INFO  - 2018-01-08T05:52:32.498Z] SessionManagerReqHand - _cleanupWindowlessSessions - Asynchronous Sessions clean-up phase starting NOW
[INFO  - 2018-01-08T05:57:32.498Z] SessionManagerReqHand - _cleanupWindowlessSessions - Asynchronous Sessions clean-up phase starting NOW
[INFO  - 2018-01-08T06:02:32.498Z] SessionManagerReqHand - _cleanupWindowlessSessions - Asynchronous Sessions clean-up phase starting NOW
[INFO  - 2018-01-08T06:07:32.498Z] SessionManagerReqHand - _cleanupWindowlessSessions - Asynchronous Sessions clean-up phase starting NOW
[INFO  - 2018-01-08T06:12:32.498Z] SessionManagerReqHand - _cleanupWindowlessSessions - Asynchronous Sessions clean-up phase starting NOW
[INFO  - 2018-01-08T06:17:32.532Z] SessionManagerReqHand - _cleanupWindowlessSessions - Asynchronous Sessions clean-up phase starting NOW
[INFO  - 2018-01-08T06:22:32.532Z] SessionManagerReqHand - _cleanupWindowlessSessions - Asynchronous Sessions clean-up phase starting NOW
[INFO  - 2018-01-08T06:27:32.532Z] SessionManagerReqHand - _cleanupWindowlessSessions - Asynchronous Sessions clean-up phase starting NOW
[INFO  - 2018-01-08T06:32:32.532Z] SessionManagerReqHand - _cleanupWindowlessSessions - Asynchronous Sessions clean-up phase starting NOW
